build/outputs/logs/manifest-merger-debug-report.txt
-- Merging decision tree log ---
manifest
ADDED from TuTest/TuSDKUIGeeV2/AndroidManifest.xml:1:1-34:12
INJECTED from TuTest/TuSDKUIGeeV2/AndroidManifest.xml:1:1-34:12
INJECTED from TuTest/TuSDKUIGeeV2/AndroidManifest.xml:1:1-34:12
INJECTED from TuTest/TuSDKUIGeeV2/AndroidManifest.xml:1:1-34:12
INJECTED from TuTest/TuSDKUIGeeV2/AndroidManifest.xml:1:1-34:12
INJECTED from TuTest/TuSDKUIGeeV2/AndroidManifest.xml:1:1-34:12
INJECTED from TuTest/TuSDKUIGeeV2/AndroidManifest.xml:1:1-34:12
	package
		ADDED from TuTest/TuSDKUIGeeV2/AndroidManifest.xml:2:5-37
		INJECTED from TuTest/TuSDKUIGeeV2/AndroidManifest.xml
		INJECTED from TuTest/TuSDKUIGeeV2/AndroidManifest.xml
	android:versionName
		ADDED from TuTest/TuSDKUIGeeV2/AndroidManifest.xml:4:5-30
		INJECTED from TuTest/TuSDKUIGeeV2/AndroidManifest.xml
		INJECTED from TuTest/TuSDKUIGeeV2/AndroidManifest.xml
	xmlns:android
		ADDED from TuTest/TuSDKUIGeeV2/AndroidManifest.xml:1:11-69
	android:versionCode
		ADDED from TuTest/TuSDKUIGeeV2/AndroidManifest.xml:3:5-28
		INJECTED from TuTest/TuSDKUIGeeV2/AndroidManifest.xml
		INJECTED from TuTest/TuSDKUIGeeV2/AndroidManifest.xml
uses-sdk
ADDED from TuTest/TuSDKUIGeeV2/AndroidManifest.xml:6:5-47
INJECTED from TuTest/TuSDKUIGeeV2/AndroidManifest.xml:6:5-47
INJECTED from TuTest/TuSDKUIGeeV2/AndroidManifest.xml:6:5-47
	android:targetSdkVersion
		ADDED from TuTest/TuSDKUIGeeV2/AndroidManifest.xml:6:15-44
	android:minSdkVersion
		INJECTED from TuTest/TuSDKUIGeeV2/AndroidManifest.xml
		ADDED from TuTest/TuSDKUIGeeV2/AndroidManifest.xml:6:5-47
		INJECTED from TuTest/TuSDKUIGeeV2/AndroidManifest.xml
uses-permission#android.permission.INTERNET
ADDED from TuTest/TuSDKUIGeeV2/AndroidManifest.xml:9:5-67
	android:name
		ADDED from TuTest/TuSDKUIGeeV2/AndroidManifest.xml:9:22-64
uses-permission#android.permission.ACCESS_NETWORK_STATE
ADDED from TuTest/TuSDKUIGeeV2/AndroidManifest.xml:10:5-79
	android:name
		ADDED from TuTest/TuSDKUIGeeV2/AndroidManifest.xml:10:22-76
uses-permission#android.permission.ACCESS_WIFI_STATE
ADDED from TuTest/TuSDKUIGeeV2/AndroidManifest.xml:12:5-76
	android:name
		ADDED from TuTest/TuSDKUIGeeV2/AndroidManifest.xml:12:22-73
uses-permission#android.permission.ACCESS_FINE_LOCATION
ADDED from TuTest/TuSDKUIGeeV2/AndroidManifest.xml:14:5-79
	android:name
		ADDED from TuTest/TuSDKUIGeeV2/AndroidManifest.xml:14:22-76
uses-permission#android.permission.WRITE_EXTERNAL_STORAGE
ADDED from TuTest/TuSDKUIGeeV2/AndroidManifest.xml:16:5-81
	android:name
		ADDED from TuTest/TuSDKUIGeeV2/AndroidManifest.xml:16:22-78
uses-permission#android.permission.MOUNT_UNMOUNT_FILESYSTEMS
ADDED from TuTest/TuSDKUIGeeV2/AndroidManifest.xml:18:5-84
	android:name
		ADDED from TuTest/TuSDKUIGeeV2/AndroidManifest.xml:18:22-81
uses-permission#android.permission.CAMERA
ADDED from TuTest/TuSDKUIGeeV2/AndroidManifest.xml:20:5-65
	android:name
		ADDED from TuTest/TuSDKUIGeeV2/AndroidManifest.xml:20:22-62
uses-permission#android.permission.FLASHLIGHT
ADDED from TuTest/TuSDKUIGeeV2/AndroidManifest.xml:22:5-69
	android:name
		ADDED from TuTest/TuSDKUIGeeV2/AndroidManifest.xml:22:22-66
uses-feature#android.hardware.camera
ADDED from TuTest/TuSDKUIGeeV2/AndroidManifest.xml:24:5-60
	android:name
		ADDED from TuTest/TuSDKUIGeeV2/AndroidManifest.xml:24:19-57
uses-feature#android.hardware.camera.autofocus
ADDED from TuTest/TuSDKUIGeeV2/AndroidManifest.xml:25:5-70
	android:name
		ADDED from TuTest/TuSDKUIGeeV2/AndroidManifest.xml:25:19-67
uses-feature#android.hardware.camera.flash
ADDED from TuTest/TuSDKUIGeeV2/AndroidManifest.xml:26:5-66
	android:name
		ADDED from TuTest/TuSDKUIGeeV2/AndroidManifest.xml:26:19-63
application
ADDED from TuTest/TuSDKUIGeeV2/AndroidManifest.xml:28:5-32:19
	android:hardwareAccelerated
		ADDED from TuTest/TuSDKUIGeeV2/AndroidManifest.xml:30:9-43
	android:largeHeap
		ADDED from TuTest/TuSDKUIGeeV2/AndroidManifest.xml:31:9-33
	android:allowBackup
		ADDED from TuTest/TuSDKUIGeeV2/AndroidManifest.xml:29:9-35